<?xml version="1.0" encoding="UTF-8"?>
<!-- Generated by org.testng.reporters.JUnitReportReporter -->
<testsuite hostname="LAPTOP-D6EH55C7" failures="0" tests="1" name="testCases.TestCases" time="19.754" errors="0" timestamp="2024-08-03T18:23:16 IST" skipped="0">
  <testcase classname="testCases.TestCases" name="Testcase1" time="19.754"/>
  <system-out/>
</testsuite> <!-- testCases.TestCases -->
