<?xml version="1.0" encoding="UTF-8"?>
<!-- Generated by org.testng.reporters.JUnitReportReporter -->
<testsuite hostname="LAPTOP-D6EH55C7" failures="0" tests="1" name="testCases.test" time="27.115" errors="0" timestamp="2024-08-03T13:30:23 IST" skipped="0">
  <testcase classname="testCases.test" name="test1" time="27.115"/>
  <system-out/>
</testsuite> <!-- testCases.test -->
